<?xml version="1.0" encoding="UTF-8"?>
<!-- Generated by org.testng.reporters.JUnitReportReporter -->
<testsuite skipped="0" hostname="Sanjaykadam" name="dependsOnExample.DependsOnExample" tests="3" failures="0" timestamp="02 Feb 2019 07:21:52 GMT" time="25.518" errors="0">
  <testcase name="OpenURL" time="7.182" classname="dependsOnExample.DependsOnExample"/>
  <testcase name="OpenBrowser" time="17.349" classname="dependsOnExample.DependsOnExample"/>
  <testcase name="CloseBrowser" time="0.987" classname="dependsOnExample.DependsOnExample"/>
</testsuite> <!-- dependsOnExample.DependsOnExample -->
