<?xml version="1.0" encoding="UTF-8"?>
<!-- Generated by org.testng.reporters.JUnitReportReporter -->
<testsuite skipped="0" hostname="Sanjaykadam" name="multiBrowser.MultiBrowserTest" tests="2" failures="0" timestamp="03 Feb 2019 05:40:36 GMT" time="3.856" errors="0">
  <testcase name="login" time="0.496" classname="multiBrowser.MultiBrowserTest"/>
  <testcase name="login" time="3.360" classname="multiBrowser.MultiBrowserTest"/>
</testsuite> <!-- multiBrowser.MultiBrowserTest -->
