<?xml version="1.0" encoding="UTF-8"?>
<!-- Generated by org.testng.reporters.JUnitReportReporter -->
<testsuite skipped="1" hostname="Sanjaykadam" name="priorityExample.PriorityOfMethodExample" tests="4" failures="0" timestamp="02 Feb 2019 07:34:56 GMT" time="0.046" errors="0">
  <testcase name="Two" time="0.040" classname="priorityExample.PriorityOfMethodExample"/>
  <testcase name="Three" time="0.003" classname="priorityExample.PriorityOfMethodExample"/>
  <testcase name="Four" time="0.003" classname="priorityExample.PriorityOfMethodExample"/>
  <testcase name="One" classname="priorityExample.PriorityOfMethodExample">
    <skipped/>
  </testcase> <!-- One -->
</testsuite> <!-- priorityExample.PriorityOfMethodExample -->
