<?xml version="1.0" encoding="UTF-8"?>
<!-- Generated by org.testng.reporters.JUnitReportReporter -->
<testsuite skipped="0" hostname="Sanjaykadam" name="testSuiteExample.TestSuiteExamplewithGoogle" tests="1" failures="0" timestamp="02 Feb 2019 06:14:35 GMT" time="10.697" errors="0">
  <testcase name="f" time="10.697" classname="testSuiteExample.TestSuiteExamplewithGoogle"/>
</testsuite> <!-- testSuiteExample.TestSuiteExamplewithGoogle -->
