<?xml version="1.0" encoding="UTF-8"?>
<!-- Generated by org.testng.reporters.JUnitReportReporter -->
<testsuite skipped="0" hostname="Sanjaykadam" name="testSuiteExample.TestSuiteExamplewithYahoo" tests="1" failures="0" timestamp="02 Feb 2019 06:14:34 GMT" time="34.743" errors="0">
  <testcase name="f" time="34.743" classname="testSuiteExample.TestSuiteExamplewithYahoo"/>
</testsuite> <!-- testSuiteExample.TestSuiteExamplewithYahoo -->
