<?xml version="1.0" encoding="UTF-8"?>
<!-- Generated by org.testng.reporters.JUnitReportReporter -->
<testsuite skipped="0" hostname="Sanjaykadam" name="groupingExample.GroupExample" tests="3" failures="0" timestamp="02 Feb 2019 07:12:50 GMT" time="0.045" errors="0">
  <testcase name="testCase1" time="0.038" classname="groupingExample.GroupExample"/>
  <testcase name="testCase2" time="0.004" classname="groupingExample.GroupExample"/>
  <testcase name="testCase4" time="0.003" classname="groupingExample.GroupExample"/>
</testsuite> <!-- groupingExample.GroupExample -->
