<?xml version="1.0" encoding="UTF-8"?>
<!-- Generated by org.testng.reporters.JUnitReportReporter -->
<testsuite skipped="0" hostname="Sanjaykadam" name="TestNGExample.FirstTestNGwithAnnotations" tests="1" failures="0" timestamp="02 Feb 2019 06:14:35 GMT" time="40.300" errors="0">
  <testcase name="firstmethod" time="40.300" classname="TestNGExample.FirstTestNGwithAnnotations"/>
</testsuite> <!-- TestNGExample.FirstTestNGwithAnnotations -->
