<?xml version="1.0" encoding="UTF-8"?>
<!-- Generated by org.testng.reporters.JUnitReportReporter -->
<testsuite skipped="0" hostname="Sanjaykadam" name="dataProviderExample.DataProviderTest" tests="4" failures="0" timestamp="03 Feb 2019 04:14:57 GMT" time="108.436" errors="0">
  <testcase name="test" time="20.483" classname="dataProviderExample.DataProviderTest"/>
  <testcase name="test" time="23.762" classname="dataProviderExample.DataProviderTest"/>
  <testcase name="test" time="42.177" classname="dataProviderExample.DataProviderTest"/>
  <testcase name="test" time="22.014" classname="dataProviderExample.DataProviderTest"/>
</testsuite> <!-- dataProviderExample.DataProviderTest -->
